<?xml version="1.0" encoding="UTF-8"?>
<Site BuildName="Linux-g++-7"
	BuildStamp="20190516-1332-Experimental"
	Name="syntax-Aspire-F5-572"
	Generator="ctest-3.10.2"
	CompilerName="/usr/bin/g++-7"
	CompilerVersion="7.4.0"
	OSName="Linux"
	Hostname="syntax-Aspire-F5-572"
	OSRelease="4.15.0-50-generic"
	OSVersion="#54-Ubuntu SMP Mon May 6 18:46:08 UTC 2019"
	OSPlatform="x86_64"
	Is64Bits="1"
	VendorString="GenuineIntel"
	VendorID="Intel Corporation"
	FamilyID="6"
	ModelID="78"
	ProcessorCacheSize="3072"
	NumberOfLogicalCPU="4"
	NumberOfPhysicalCPU="2"
	TotalVirtualMemory="2047"
	TotalPhysicalMemory="3812"
	LogicalProcessorsPerPhysical="2"
	ProcessorClockFrequency="1645.67"
	>
	<Testing>
		<StartDateTime>May 16 14:32 CET</StartDateTime>
		<StartTestTime>1558013530</StartTestTime>
		<TestList/>
		<EndDateTime>May 16 14:32 CET</EndDateTime>
		<EndTestTime>1558013530</EndTestTime>
		<ElapsedMinutes>0</ElapsedMinutes>
	</Testing>
</Site>
